Using pre-set license
Built from '2022.3/staging' branch; Version is '2022.3.46f1 (8e9b8558c41a) revision 9345925'; Using compiler version '192829333'; Build Type 'Release'
OS: 'Windows 11  (10.0.22631) 64bit Professional' Language: 'vi' Physical Memory: 16225 MB
BatchMode: 1, IsHumanControllingUs: 0, StartBugReporterOnCrash: 0, Is64bit: 1, IsPro: 1

COMMAND LINE ARGUMENTS:
C:\Program Files\Unity\Hub\Editor\2022.3.46f1\Editor\Unity.exe
-adb2
-batchMode
-noUpm
-name
AssetImportWorker1
-projectPath
C:/Users/namta/Bounce_Tales
-logFile
Logs/AssetImportWorker1.log
-srvPort
57923
Successfully changed project path to: C:/Users/namta/Bounce_Tales
C:/Users/namta/Bounce_Tales
[UnityMemory] Configuration Parameters - Can be set up in boot.config
    "memorysetup-bucket-allocator-granularity=16"
    "memorysetup-bucket-allocator-bucket-count=8"
    "memorysetup-bucket-allocator-block-size=33554432"
    "memorysetup-bucket-allocator-block-count=8"
    "memorysetup-main-allocator-block-size=16777216"
    "memorysetup-thread-allocator-block-size=16777216"
    "memorysetup-gfx-main-allocator-block-size=16777216"
    "memorysetup-gfx-thread-allocator-block-size=16777216"
    "memorysetup-cache-allocator-block-size=4194304"
    "memorysetup-typetree-allocator-block-size=2097152"
    "memorysetup-profiler-bucket-allocator-granularity=16"
    "memorysetup-profiler-bucket-allocator-bucket-count=8"
    "memorysetup-profiler-bucket-allocator-block-size=33554432"
    "memorysetup-profiler-bucket-allocator-block-count=8"
    "memorysetup-profiler-allocator-block-size=16777216"
    "memorysetup-profiler-editor-allocator-block-size=1048576"
    "memorysetup-temp-allocator-size-main=16777216"
    "memorysetup-job-temp-allocator-block-size=2097152"
    "memorysetup-job-temp-allocator-block-size-background=1048576"
    "memorysetup-job-temp-allocator-reduction-small-platforms=262144"
    "memorysetup-allocator-temp-initial-block-size-main=262144"
    "memorysetup-allocator-temp-initial-block-size-worker=262144"
    "memorysetup-temp-allocator-size-background-worker=32768"
    "memorysetup-temp-allocator-size-job-worker=262144"
    "memorysetup-temp-allocator-size-preload-manager=33554432"
    "memorysetup-temp-allocator-size-nav-mesh-worker=65536"
    "memorysetup-temp-allocator-size-audio-worker=65536"
    "memorysetup-temp-allocator-size-cloud-worker=32768"
    "memorysetup-temp-allocator-size-gi-baking-worker=262144"
    "memorysetup-temp-allocator-size-gfx=262144"
Player connection [4476]  Target information:

Player connection [4476]  * "[IP] 192.168.1.33 [Port] 0 [Flags] 2 [Guid] 889947096 [EditorId] 889947096 [Version] 1048832 [Id] WindowsEditor(7,DESKTOP-SMKP5ND) [Debug] 1 [PackageName] WindowsEditor [ProjectName] Editor" 

Player connection [4476]  * "[IP] 192.168.56.1 [Port] 0 [Flags] 2 [Guid] 889947096 [EditorId] 889947096 [Version] 1048832 [Id] WindowsEditor(7,DESKTOP-SMKP5ND) [Debug] 1 [PackageName] WindowsEditor [ProjectName] Editor" 

Player connection [4476]  * "[IP] 192.168.56.2 [Port] 0 [Flags] 2 [Guid] 889947096 [EditorId] 889947096 [Version] 1048832 [Id] WindowsEditor(7,DESKTOP-SMKP5ND) [Debug] 1 [PackageName] WindowsEditor [ProjectName] Editor" 

Player connection [4476] Host joined multi-casting on [225.0.0.222:54997]...
Player connection [4476] Host joined alternative multi-casting on [225.0.0.222:34997]...
[PhysX] Initialized MultithreadedTaskDispatcher with 12 workers.
Refreshing native plugins compatible for Editor in 7.13 ms, found 4 plugins.
Preloading 0 native plugins for Editor in 0.00 ms.
Initialize engine version: 2022.3.46f1 (8e9b8558c41a)
[Subsystems] Discovering subsystems at path C:/Program Files/Unity/Hub/Editor/2022.3.46f1/Editor/Data/Resources/UnitySubsystems
[Subsystems] Discovering subsystems at path C:/Users/namta/Bounce_Tales/Assets
GfxDevice: creating device client; threaded=0; jobified=0
Direct3D:
    Version:  Direct3D 11.0 [level 11.1]
    Renderer: NVIDIA GeForce GTX 1650 (ID=0x1f82)
    Vendor:   NVIDIA
    VRAM:     3962 MB
    Driver:   27.21.14.5751
Initialize mono
Mono path[0] = 'C:/Program Files/Unity/Hub/Editor/2022.3.46f1/Editor/Data/Managed'
Mono path[1] = 'C:/Program Files/Unity/Hub/Editor/2022.3.46f1/Editor/Data/MonoBleedingEdge/lib/mono/unityjit-win32'
Mono config path = 'C:/Program Files/Unity/Hub/Editor/2022.3.46f1/Editor/Data/MonoBleedingEdge/etc'
Using monoOptions --debugger-agent=transport=dt_socket,embedding=1,server=y,suspend=n,address=127.0.0.1:56192
Begin MonoManager ReloadAssembly
Registering precompiled unity dll's ...
Register platform support module: C:/Program Files/Unity/Hub/Editor/2022.3.46f1/Editor/Data/PlaybackEngines/WebGLSupport/UnityEditor.WebGL.Extensions.dll
Register platform support module: C:/Program Files/Unity/Hub/Editor/2022.3.46f1/Editor/Data/PlaybackEngines/WindowsStandaloneSupport/UnityEditor.WindowsStandalone.Extensions.dll
Registered in 0.005175 seconds.
- Loaded All Assemblies, in  0.257 seconds
Native extension for WindowsStandalone target not found
Native extension for WebGL target not found
Mono: successfully reloaded assembly
- Finished resetting the current domain, in  0.224 seconds
Domain Reload Profiling: 481ms
	BeginReloadAssembly (73ms)
		ExecutionOrderSort (0ms)
		DisableScriptedObjects (0ms)
		BackupInstance (0ms)
		ReleaseScriptingObjects (0ms)
		CreateAndSetChildDomain (1ms)
	RebuildCommonClasses (26ms)
	RebuildNativeTypeToScriptingClass (7ms)
	initialDomainReloadingComplete (42ms)
	LoadAllAssembliesAndSetupDomain (108ms)
		LoadAssemblies (72ms)
		RebuildTransferFunctionScriptingTraits (0ms)
		AnalyzeDomain (107ms)
			TypeCache.Refresh (106ms)
				TypeCache.ScanAssembly (95ms)
			ScanForSourceGeneratedMonoScriptInfo (0ms)
			ResolveRequiredComponents (0ms)
	FinalizeReload (225ms)
		ReleaseScriptCaches (0ms)
		RebuildScriptCaches (0ms)
		SetupLoadedEditorAssemblies (184ms)
			LogAssemblyErrors (0ms)
			InitializePlatformSupportModulesInManaged (9ms)
			SetLoadedEditorAssemblies (4ms)
			RefreshPlugins (0ms)
			BeforeProcessingInitializeOnLoad (2ms)
			ProcessInitializeOnLoadAttributes (124ms)
			ProcessInitializeOnLoadMethodAttributes (45ms)
			AfterProcessingInitializeOnLoad (0ms)
			EditorAssembliesLoaded (0ms)
		ExecutionOrderSort2 (0ms)
		AwakeInstancesAfterBackupRestoration (0ms)
========================================================================
Worker process is ready to serve import requests
Caller must complete domain reload
Begin MonoManager ReloadAssembly
- Loaded All Assemblies, in  0.492 seconds
Native extension for WindowsStandalone target not found
Native extension for WebGL target not found
Package Manager log level set to [2]
[Package Manager] Server::EnsureServerProcessIsRunning -- launch failed, reason: Unity was launched with the -noUpm command-line argument
[Package Manager] UpmClient::Send -- Unable to send message (not connected to UPM process).
[Package Manager] Cannot connect to Unity Package Manager local server
Mono: successfully reloaded assembly
- Finished resetting the current domain, in  0.535 seconds
Domain Reload Profiling: 1025ms
	BeginReloadAssembly (120ms)
		ExecutionOrderSort (0ms)
		DisableScriptedObjects (5ms)
		BackupInstance (0ms)
		ReleaseScriptingObjects (0ms)
		CreateAndSetChildDomain (19ms)
	RebuildCommonClasses (30ms)
	RebuildNativeTypeToScriptingClass (9ms)
	initialDomainReloadingComplete (36ms)
	LoadAllAssembliesAndSetupDomain (295ms)
		LoadAssemblies (228ms)
		RebuildTransferFunctionScriptingTraits (0ms)
		AnalyzeDomain (133ms)
			TypeCache.Refresh (114ms)
				TypeCache.ScanAssembly (100ms)
			ScanForSourceGeneratedMonoScriptInfo (15ms)
			ResolveRequiredComponents (4ms)
	FinalizeReload (535ms)
		ReleaseScriptCaches (0ms)
		RebuildScriptCaches (0ms)
		SetupLoadedEditorAssemblies (415ms)
			LogAssemblyErrors (0ms)
			InitializePlatformSupportModulesInManaged (7ms)
			SetLoadedEditorAssemblies (4ms)
			RefreshPlugins (0ms)
			BeforeProcessingInitializeOnLoad (57ms)
			ProcessInitializeOnLoadAttributes (313ms)
			ProcessInitializeOnLoadMethodAttributes (29ms)
			AfterProcessingInitializeOnLoad (4ms)
			EditorAssembliesLoaded (0ms)
		ExecutionOrderSort2 (0ms)
		AwakeInstancesAfterBackupRestoration (8ms)
Launched and connected shader compiler UnityShaderCompiler.exe after 0.03 seconds
Refreshing native plugins compatible for Editor in 2.47 ms, found 4 plugins.
Preloading 0 native plugins for Editor in 0.00 ms.
Unloading 4027 Unused Serialized files (Serialized files now loaded: 0)
Unloading 38 unused Assets / (241.2 KB). Loaded Objects now: 4491.
Memory consumption went from 140.6 MB to 140.3 MB.
Total: 2.523000 ms (FindLiveObjects: 0.199000 ms CreateObjectMapping: 0.093800 ms MarkObjects: 2.049200 ms  DeleteObjects: 0.179500 ms)

AssetImportParameters requested are different than current active one (requested -> active):
  custom:container-demuxer-ogg: 62fdf1f143b41e24485cea50d1cbac27 -> 
  custom:video-decoder-ogg-theora: a1e56fd34408186e4bbccfd4996cb3dc -> 
  custom:framework-win-MediaFoundation: 216162199b28c13a410421893ffa2e32 -> 
  custom:CustomObjectIndexerAttribute: 9a22284fe3817be447336de3de66b15e -> 
  custom:container-demuxer-webm: 4f35f7cbe854078d1ac9338744f61a02 -> 
  custom:container-muxer-webm: aa71ff27fc2769a1b78a27578f13a17b -> 
  custom:video-decoder-webm-vp8: 9c59270c3fd7afecdb556c50c9e8de78 -> 
  custom:SearchIndexIgnoredProperties: e643bd26f0fe6173181afceb89e7c659 -> 
  custom:AudioImporter_EditorPlatform: d09bf68614088b80899f8185d706f6e7 -> 
  custom:video-encoder-webm-vp8: eb34c28f22e8b96e1ab97ce403110664 -> 
  custom:audio-decoder-ogg-vorbis: bf7c407c2cedff20999df2af8eb42d56 -> 
  custom:audio-encoder-webm-vorbis: bf7c407c2cedff20999df2af8eb42d56 -> 
========================================================================
Received Import Request.
  Time since last request: 26658.366651 seconds.
  path: Assets/My Asset.unity
  artifactKey: Guid(aeb3419dc4df886448799437e4a1fc82) Importer(815301076,1909f56bfc062723c751e8b465ee728b)
Start importing Assets/My Asset.unity using Guid(aeb3419dc4df886448799437e4a1fc82) Importer(815301076,1909f56bfc062723c751e8b465ee728b) [PhysX] Initialized MultithreadedTaskDispatcher with 12 workers.
 -> (artifact id: '56ffec0b3b0ac9d4ed684fa7a0d05094') in 0.002525 seconds
Number of updated asset objects reloaded before import = 0
Number of asset objects unloaded after import = 0
========================================================================
Received Import Request.
  Time since last request: 288.672808 seconds.
  path: Assets/Spritesheet/rollingBall_sheet@2.png
  artifactKey: Guid(1232b619ba0f5804fa7a5fdeb9075e52) Importer(815301076,1909f56bfc062723c751e8b465ee728b)
Start importing Assets/Spritesheet/rollingBall_sheet@2.png using Guid(1232b619ba0f5804fa7a5fdeb9075e52) Importer(815301076,1909f56bfc062723c751e8b465ee728b) [PhysX] Initialized MultithreadedTaskDispatcher with 12 workers.
[PhysX] Initialized MultithreadedTaskDispatcher with 12 workers.
 -> (artifact id: '9b2c096172685be21f5c8fcb6ae16790') in 0.093846 seconds
Number of updated asset objects reloaded before import = 0
Number of asset objects unloaded after import = 3
========================================================================
Received Import Request.
  Time since last request: 43.230817 seconds.
  path: Assets/Transparent/Tiles/tile_0001.png
  artifactKey: Guid(51744140f4d79b3438cdd8eed19e6d62) Importer(815301076,1909f56bfc062723c751e8b465ee728b)
Start importing Assets/Transparent/Tiles/tile_0001.png using Guid(51744140f4d79b3438cdd8eed19e6d62) Importer(815301076,1909f56bfc062723c751e8b465ee728b) [PhysX] Initialized MultithreadedTaskDispatcher with 12 workers.
[PhysX] Initialized MultithreadedTaskDispatcher with 12 workers.
 -> (artifact id: 'c005a84e0a3a3469fed84d4c0e66127e') in 0.008186 seconds
Number of updated asset objects reloaded before import = 0
Number of asset objects unloaded after import = 3
========================================================================
Received Import Request.
  Time since last request: 0.000013 seconds.
  path: Assets/Transparent/Tiles/tile_0003.png
  artifactKey: Guid(55500099b43aac74da4e32e5a86e4d15) Importer(815301076,1909f56bfc062723c751e8b465ee728b)
Start importing Assets/Transparent/Tiles/tile_0003.png using Guid(55500099b43aac74da4e32e5a86e4d15) Importer(815301076,1909f56bfc062723c751e8b465ee728b) [PhysX] Initialized MultithreadedTaskDispatcher with 12 workers.
[PhysX] Initialized MultithreadedTaskDispatcher with 12 workers.
 -> (artifact id: '158f8ee853fe072f1c20ed02c34efa6b') in 0.007590 seconds
Number of updated asset objects reloaded before import = 0
Number of asset objects unloaded after import = 3
========================================================================
Received Import Request.
  Time since last request: 0.000015 seconds.
  path: Assets/Transparent/Tiles/tile_0014.png
  artifactKey: Guid(70620f0ddcf81b8418dde0ec6a88f168) Importer(815301076,1909f56bfc062723c751e8b465ee728b)
Start importing Assets/Transparent/Tiles/tile_0014.png using Guid(70620f0ddcf81b8418dde0ec6a88f168) Importer(815301076,1909f56bfc062723c751e8b465ee728b) [PhysX] Initialized MultithreadedTaskDispatcher with 12 workers.
[PhysX] Initialized MultithreadedTaskDispatcher with 12 workers.
 -> (artifact id: '2ae18fb4410045193396e90aa4c7f17a') in 0.006265 seconds
Number of updated asset objects reloaded before import = 0
Number of asset objects unloaded after import = 3
========================================================================
Received Import Request.
  Time since last request: 0.000012 seconds.
  path: Assets/Transparent/Tiles/tile_0033.png
  artifactKey: Guid(5417eb979efd6534aa35123d1614e45a) Importer(815301076,1909f56bfc062723c751e8b465ee728b)
Start importing Assets/Transparent/Tiles/tile_0033.png using Guid(5417eb979efd6534aa35123d1614e45a) Importer(815301076,1909f56bfc062723c751e8b465ee728b) [PhysX] Initialized MultithreadedTaskDispatcher with 12 workers.
[PhysX] Initialized MultithreadedTaskDispatcher with 12 workers.
 -> (artifact id: '62ba5dbb154cb35aeb5807b576bb52fe') in 0.006104 seconds
Number of updated asset objects reloaded before import = 0
Number of asset objects unloaded after import = 3
========================================================================
Received Import Request.
  Time since last request: 0.000016 seconds.
  path: Assets/Transparent/Tiles/tile_0040.png
  artifactKey: Guid(197f73c5315613845a08209efa482a54) Importer(815301076,1909f56bfc062723c751e8b465ee728b)
Start importing Assets/Transparent/Tiles/tile_0040.png using Guid(197f73c5315613845a08209efa482a54) Importer(815301076,1909f56bfc062723c751e8b465ee728b) [PhysX] Initialized MultithreadedTaskDispatcher with 12 workers.
[PhysX] Initialized MultithreadedTaskDispatcher with 12 workers.
 -> (artifact id: 'd96600564f80a0dd67503e91cfa3a5eb') in 0.005503 seconds
Number of updated asset objects reloaded before import = 0
Number of asset objects unloaded after import = 3
========================================================================
Received Import Request.
  Time since last request: 0.000035 seconds.
  path: Assets/Transparent/Tiles/tile_0066.png
  artifactKey: Guid(d8b9633565b039b45ad370b5da2de3ca) Importer(815301076,1909f56bfc062723c751e8b465ee728b)
Start importing Assets/Transparent/Tiles/tile_0066.png using Guid(d8b9633565b039b45ad370b5da2de3ca) Importer(815301076,1909f56bfc062723c751e8b465ee728b) [PhysX] Initialized MultithreadedTaskDispatcher with 12 workers.
[PhysX] Initialized MultithreadedTaskDispatcher with 12 workers.
 -> (artifact id: '4f1918f0694577fbd56f13f9f1262188') in 0.004774 seconds
Number of updated asset objects reloaded before import = 0
Number of asset objects unloaded after import = 3
========================================================================
Received Import Request.
  Time since last request: 0.000013 seconds.
  path: Assets/Transparent/Tiles/tile_0035.png
  artifactKey: Guid(5421f8e1b49e241468bed2e05c02c7da) Importer(815301076,1909f56bfc062723c751e8b465ee728b)
Start importing Assets/Transparent/Tiles/tile_0035.png using Guid(5421f8e1b49e241468bed2e05c02c7da) Importer(815301076,1909f56bfc062723c751e8b465ee728b) [PhysX] Initialized MultithreadedTaskDispatcher with 12 workers.
[PhysX] Initialized MultithreadedTaskDispatcher with 12 workers.
 -> (artifact id: '14b1530ac0358fafc5bd2327e78b4ea2') in 0.005608 seconds
Number of updated asset objects reloaded before import = 0
Number of asset objects unloaded after import = 3
========================================================================
Received Import Request.
  Time since last request: 0.000014 seconds.
  path: Assets/Transparent/Tiles/tile_0063.png
  artifactKey: Guid(c2cbed66ba9b778459bb85d68347fe9d) Importer(815301076,1909f56bfc062723c751e8b465ee728b)
Start importing Assets/Transparent/Tiles/tile_0063.png using Guid(c2cbed66ba9b778459bb85d68347fe9d) Importer(815301076,1909f56bfc062723c751e8b465ee728b) [PhysX] Initialized MultithreadedTaskDispatcher with 12 workers.
[PhysX] Initialized MultithreadedTaskDispatcher with 12 workers.
 -> (artifact id: '3dc546389e86134ffcbc024eb0cefc45') in 0.004820 seconds
Number of updated asset objects reloaded before import = 0
Number of asset objects unloaded after import = 3
========================================================================
Received Import Request.
  Time since last request: 0.000013 seconds.
  path: Assets/Transparent/Tiles/tile_0017.png
  artifactKey: Guid(43152e93a6936cf439b1704b1284b675) Importer(815301076,1909f56bfc062723c751e8b465ee728b)
Start importing Assets/Transparent/Tiles/tile_0017.png using Guid(43152e93a6936cf439b1704b1284b675) Importer(815301076,1909f56bfc062723c751e8b465ee728b) [PhysX] Initialized MultithreadedTaskDispatcher with 12 workers.
[PhysX] Initialized MultithreadedTaskDispatcher with 12 workers.
 -> (artifact id: 'c41db74acd57a69547d19648d208dbf9') in 0.006299 seconds
Number of updated asset objects reloaded before import = 0
Number of asset objects unloaded after import = 3
========================================================================
Received Import Request.
  Time since last request: 0.000011 seconds.
  path: Assets/Transparent/Tiles/tile_0036.png
  artifactKey: Guid(d168b12b93cca5d4db3d4b28e2f0ae6b) Importer(815301076,1909f56bfc062723c751e8b465ee728b)
Start importing Assets/Transparent/Tiles/tile_0036.png using Guid(d168b12b93cca5d4db3d4b28e2f0ae6b) Importer(815301076,1909f56bfc062723c751e8b465ee728b) [PhysX] Initialized MultithreadedTaskDispatcher with 12 workers.
[PhysX] Initialized MultithreadedTaskDispatcher with 12 workers.
 -> (artifact id: 'bc865a71312c7ff93c24b5a9361bf8d4') in 0.004428 seconds
Number of updated asset objects reloaded before import = 0
Number of asset objects unloaded after import = 3
========================================================================
Received Import Request.
  Time since last request: 0.000011 seconds.
  path: Assets/Transparent/Tiles/tile_0073.png
  artifactKey: Guid(d904059c56213f94e8efbc610e1c64d8) Importer(815301076,1909f56bfc062723c751e8b465ee728b)
Start importing Assets/Transparent/Tiles/tile_0073.png using Guid(d904059c56213f94e8efbc610e1c64d8) Importer(815301076,1909f56bfc062723c751e8b465ee728b) [PhysX] Initialized MultithreadedTaskDispatcher with 12 workers.
[PhysX] Initialized MultithreadedTaskDispatcher with 12 workers.
 -> (artifact id: '1b0d3a0cbdf66484437c10ea9c711120') in 0.004387 seconds
Number of updated asset objects reloaded before import = 0
Number of asset objects unloaded after import = 3
========================================================================
Received Import Request.
  Time since last request: 0.000013 seconds.
  path: Assets/Transparent/Tiles/tile_0079.png
  artifactKey: Guid(c285065d7c0837643a3904915468e4cf) Importer(815301076,1909f56bfc062723c751e8b465ee728b)
Start importing Assets/Transparent/Tiles/tile_0079.png using Guid(c285065d7c0837643a3904915468e4cf) Importer(815301076,1909f56bfc062723c751e8b465ee728b) [PhysX] Initialized MultithreadedTaskDispatcher with 12 workers.
[PhysX] Initialized MultithreadedTaskDispatcher with 12 workers.
 -> (artifact id: 'b61fe7ee6474abaa11f2968499d1edf3') in 0.004461 seconds
Number of updated asset objects reloaded before import = 0
Number of asset objects unloaded after import = 3
========================================================================
Received Import Request.
  Time since last request: 0.000013 seconds.
  path: Assets/Transparent/Tiles/tile_0053.png
  artifactKey: Guid(7150d4bc8ccb4e04e9d9e83b8abbd2d4) Importer(815301076,1909f56bfc062723c751e8b465ee728b)
Start importing Assets/Transparent/Tiles/tile_0053.png using Guid(7150d4bc8ccb4e04e9d9e83b8abbd2d4) Importer(815301076,1909f56bfc062723c751e8b465ee728b) [PhysX] Initialized MultithreadedTaskDispatcher with 12 workers.
[PhysX] Initialized MultithreadedTaskDispatcher with 12 workers.
 -> (artifact id: '35eb2600409acfa7259aa0d357879665') in 0.005899 seconds
Number of updated asset objects reloaded before import = 0
Number of asset objects unloaded after import = 3
========================================================================
Received Import Request.
  Time since last request: 0.000014 seconds.
  path: Assets/Transparent/Tiles/tile_0020.png
  artifactKey: Guid(a03389c2861b91c47999b13c31cc00fe) Importer(815301076,1909f56bfc062723c751e8b465ee728b)
Start importing Assets/Transparent/Tiles/tile_0020.png using Guid(a03389c2861b91c47999b13c31cc00fe) Importer(815301076,1909f56bfc062723c751e8b465ee728b) [PhysX] Initialized MultithreadedTaskDispatcher with 12 workers.
[PhysX] Initialized MultithreadedTaskDispatcher with 12 workers.
 -> (artifact id: '4f1260d3d38f96c9ffa648d62a455b3c') in 0.005038 seconds
Number of updated asset objects reloaded before import = 0
Number of asset objects unloaded after import = 3
========================================================================
Received Import Request.
  Time since last request: 0.000011 seconds.
  path: Assets/Transparent/Tiles/tile_0070.png
  artifactKey: Guid(4e878d406a345bb4ca273f6c320077d5) Importer(815301076,1909f56bfc062723c751e8b465ee728b)
Start importing Assets/Transparent/Tiles/tile_0070.png using Guid(4e878d406a345bb4ca273f6c320077d5) Importer(815301076,1909f56bfc062723c751e8b465ee728b) [PhysX] Initialized MultithreadedTaskDispatcher with 12 workers.
[PhysX] Initialized MultithreadedTaskDispatcher with 12 workers.
 -> (artifact id: '6d4bf06b66ade2d4b5b864f44ae605b2') in 0.005871 seconds
Number of updated asset objects reloaded before import = 0
Number of asset objects unloaded after import = 3
========================================================================
Received Import Request.
  Time since last request: 0.000015 seconds.
  path: Assets/Transparent/Tiles/tile_0067.png
  artifactKey: Guid(20ce44ab6a32e9143a848bc88466f21e) Importer(815301076,1909f56bfc062723c751e8b465ee728b)
Start importing Assets/Transparent/Tiles/tile_0067.png using Guid(20ce44ab6a32e9143a848bc88466f21e) Importer(815301076,1909f56bfc062723c751e8b465ee728b) [PhysX] Initialized MultithreadedTaskDispatcher with 12 workers.
[PhysX] Initialized MultithreadedTaskDispatcher with 12 workers.
 -> (artifact id: '7f6083947e99173d84da76f6cac13a8a') in 0.005623 seconds
Number of updated asset objects reloaded before import = 0
Number of asset objects unloaded after import = 3
========================================================================
Received Import Request.
  Time since last request: 0.000013 seconds.
  path: Assets/Transparent/Tiles/tile_0043.png
  artifactKey: Guid(72d5b4376d9e9d34fa48bb481b4bd555) Importer(815301076,1909f56bfc062723c751e8b465ee728b)
Start importing Assets/Transparent/Tiles/tile_0043.png using Guid(72d5b4376d9e9d34fa48bb481b4bd555) Importer(815301076,1909f56bfc062723c751e8b465ee728b) [PhysX] Initialized MultithreadedTaskDispatcher with 12 workers.
[PhysX] Initialized MultithreadedTaskDispatcher with 12 workers.
 -> (artifact id: '70c2ffdd8d8f0973878083f60b69b7a8') in 0.005087 seconds
Number of updated asset objects reloaded before import = 0
Number of asset objects unloaded after import = 3
========================================================================
Received Import Request.
  Time since last request: 0.000015 seconds.
  path: Assets/Transparent/Tiles/tile_0038.png
  artifactKey: Guid(8220e7a9658d22f48b4a4e588bacf820) Importer(815301076,1909f56bfc062723c751e8b465ee728b)
Start importing Assets/Transparent/Tiles/tile_0038.png using Guid(8220e7a9658d22f48b4a4e588bacf820) Importer(815301076,1909f56bfc062723c751e8b465ee728b) [PhysX] Initialized MultithreadedTaskDispatcher with 12 workers.
[PhysX] Initialized MultithreadedTaskDispatcher with 12 workers.
 -> (artifact id: 'e51e9ab87d7804e8ba07b72b1eacebaa') in 0.004716 seconds
Number of updated asset objects reloaded before import = 0
Number of asset objects unloaded after import = 3
========================================================================
Received Import Request.
  Time since last request: 0.000012 seconds.
  path: Assets/Transparent/Tiles/tile_0023.png
  artifactKey: Guid(87ed19dda8381e244a81ced4b1bbeed9) Importer(815301076,1909f56bfc062723c751e8b465ee728b)
Start importing Assets/Transparent/Tiles/tile_0023.png using Guid(87ed19dda8381e244a81ced4b1bbeed9) Importer(815301076,1909f56bfc062723c751e8b465ee728b) [PhysX] Initialized MultithreadedTaskDispatcher with 12 workers.
[PhysX] Initialized MultithreadedTaskDispatcher with 12 workers.
 -> (artifact id: 'e94f1b0528568d88e8dfc7bed6c6b805') in 0.004954 seconds
Number of updated asset objects reloaded before import = 0
Number of asset objects unloaded after import = 3
========================================================================
Received Import Request.
  Time since last request: 0.000015 seconds.
  path: Assets/Transparent/Tiles/tile_0062.png
  artifactKey: Guid(a13cc4820c64ebd47896bbeebd6936cd) Importer(815301076,1909f56bfc062723c751e8b465ee728b)
Start importing Assets/Transparent/Tiles/tile_0062.png using Guid(a13cc4820c64ebd47896bbeebd6936cd) Importer(815301076,1909f56bfc062723c751e8b465ee728b) [PhysX] Initialized MultithreadedTaskDispatcher with 12 workers.
[PhysX] Initialized MultithreadedTaskDispatcher with 12 workers.
 -> (artifact id: 'cf557fd6b132296f1deaafa0c2847f82') in 0.004716 seconds
Number of updated asset objects reloaded before import = 0
Number of asset objects unloaded after import = 3
========================================================================
Received Import Request.
  Time since last request: 0.000012 seconds.
  path: Assets/Transparent/Tiles/tile_0052.png
  artifactKey: Guid(7dcd2db1344bd2843953e7348d0fd6f6) Importer(815301076,1909f56bfc062723c751e8b465ee728b)
Start importing Assets/Transparent/Tiles/tile_0052.png using Guid(7dcd2db1344bd2843953e7348d0fd6f6) Importer(815301076,1909f56bfc062723c751e8b465ee728b) [PhysX] Initialized MultithreadedTaskDispatcher with 12 workers.
[PhysX] Initialized MultithreadedTaskDispatcher with 12 workers.
 -> (artifact id: '4adb20b628cbaa19f8e29680eb700e38') in 0.004820 seconds
Number of updated asset objects reloaded before import = 0
Number of asset objects unloaded after import = 3
========================================================================
Received Import Request.
  Time since last request: 0.000013 seconds.
  path: Assets/Transparent/Tiles/tile_0009.png
  artifactKey: Guid(e9a40761c97a25b4a8f6a17528208fdf) Importer(815301076,1909f56bfc062723c751e8b465ee728b)
Start importing Assets/Transparent/Tiles/tile_0009.png using Guid(e9a40761c97a25b4a8f6a17528208fdf) Importer(815301076,1909f56bfc062723c751e8b465ee728b) [PhysX] Initialized MultithreadedTaskDispatcher with 12 workers.
[PhysX] Initialized MultithreadedTaskDispatcher with 12 workers.
 -> (artifact id: '85d3ce2054cd1810fb39ccaf315756a6') in 0.005717 seconds
Number of updated asset objects reloaded before import = 0
Number of asset objects unloaded after import = 3
========================================================================
Received Import Request.
  Time since last request: 0.000014 seconds.
  path: Assets/Transparent/Tiles/tile_0054.png
  artifactKey: Guid(4354a43e97ac58344b8e530b5308b8ff) Importer(815301076,1909f56bfc062723c751e8b465ee728b)
Start importing Assets/Transparent/Tiles/tile_0054.png using Guid(4354a43e97ac58344b8e530b5308b8ff) Importer(815301076,1909f56bfc062723c751e8b465ee728b) [PhysX] Initialized MultithreadedTaskDispatcher with 12 workers.
[PhysX] Initialized MultithreadedTaskDispatcher with 12 workers.
 -> (artifact id: 'bf24a7b02b2871f422466f6b48616f2d') in 0.006484 seconds
Number of updated asset objects reloaded before import = 0
Number of asset objects unloaded after import = 3
========================================================================
Received Import Request.
  Time since last request: 0.000014 seconds.
  path: Assets/Transparent/Tiles/tile_0069.png
  artifactKey: Guid(ba670a42752ce4245813aad0cf1e4c38) Importer(815301076,1909f56bfc062723c751e8b465ee728b)
Start importing Assets/Transparent/Tiles/tile_0069.png using Guid(ba670a42752ce4245813aad0cf1e4c38) Importer(815301076,1909f56bfc062723c751e8b465ee728b) [PhysX] Initialized MultithreadedTaskDispatcher with 12 workers.
[PhysX] Initialized MultithreadedTaskDispatcher with 12 workers.
 -> (artifact id: '346cfbc032050c6b20c0f7afd963adde') in 0.005890 seconds
Number of updated asset objects reloaded before import = 0
Number of asset objects unloaded after import = 3
========================================================================
Received Import Request.
  Time since last request: 0.000015 seconds.
  path: Assets/Transparent/Tiles/tile_0011.png
  artifactKey: Guid(91ccfcc72c72f6a448add4f68e9fd08d) Importer(815301076,1909f56bfc062723c751e8b465ee728b)
Start importing Assets/Transparent/Tiles/tile_0011.png using Guid(91ccfcc72c72f6a448add4f68e9fd08d) Importer(815301076,1909f56bfc062723c751e8b465ee728b) [PhysX] Initialized MultithreadedTaskDispatcher with 12 workers.
[PhysX] Initialized MultithreadedTaskDispatcher with 12 workers.
 -> (artifact id: '51ef9d90e22a14b8d7cc82d9348f1179') in 0.005527 seconds
Number of updated asset objects reloaded before import = 0
Number of asset objects unloaded after import = 3
========================================================================
Received Import Request.
  Time since last request: 0.000011 seconds.
  path: Assets/Transparent/Tiles/tile_0027.png
  artifactKey: Guid(f62a718c7c63ea54d939fe9858cfd4c8) Importer(815301076,1909f56bfc062723c751e8b465ee728b)
Start importing Assets/Transparent/Tiles/tile_0027.png using Guid(f62a718c7c63ea54d939fe9858cfd4c8) Importer(815301076,1909f56bfc062723c751e8b465ee728b) [PhysX] Initialized MultithreadedTaskDispatcher with 12 workers.
[PhysX] Initialized MultithreadedTaskDispatcher with 12 workers.
 -> (artifact id: 'd9a7612aca180c1df671cfe3055fbf53') in 0.005927 seconds
Number of updated asset objects reloaded before import = 0
Number of asset objects unloaded after import = 3
========================================================================
Received Import Request.
  Time since last request: 0.000015 seconds.
  path: Assets/Transparent/Tiles/tile_0058.png
  artifactKey: Guid(974f181789ac46d4e9b7d9e303cbe135) Importer(815301076,1909f56bfc062723c751e8b465ee728b)
Start importing Assets/Transparent/Tiles/tile_0058.png using Guid(974f181789ac46d4e9b7d9e303cbe135) Importer(815301076,1909f56bfc062723c751e8b465ee728b) [PhysX] Initialized MultithreadedTaskDispatcher with 12 workers.
[PhysX] Initialized MultithreadedTaskDispatcher with 12 workers.
 -> (artifact id: '8939cae06c382cd76d609c5920a2b812') in 0.005562 seconds
Number of updated asset objects reloaded before import = 0
Number of asset objects unloaded after import = 3
========================================================================
Received Import Request.
  Time since last request: 0.000014 seconds.
  path: Assets/Transparent/Tiles/tile_0068.png
  artifactKey: Guid(7368602e8d474514f8734d554ded93b8) Importer(815301076,1909f56bfc062723c751e8b465ee728b)
Start importing Assets/Transparent/Tiles/tile_0068.png using Guid(7368602e8d474514f8734d554ded93b8) Importer(815301076,1909f56bfc062723c751e8b465ee728b) [PhysX] Initialized MultithreadedTaskDispatcher with 12 workers.
[PhysX] Initialized MultithreadedTaskDispatcher with 12 workers.
 -> (artifact id: '6d822697186e7fcd0cc8a7fa9becdcc5') in 0.004997 seconds
Number of updated asset objects reloaded before import = 0
Number of asset objects unloaded after import = 3
========================================================================
Received Import Request.
  Time since last request: 0.000012 seconds.
  path: Assets/Transparent/Tiles/tile_0041.png
  artifactKey: Guid(4d05c8455a721964daf115df081de8f1) Importer(815301076,1909f56bfc062723c751e8b465ee728b)
Start importing Assets/Transparent/Tiles/tile_0041.png using Guid(4d05c8455a721964daf115df081de8f1) Importer(815301076,1909f56bfc062723c751e8b465ee728b) [PhysX] Initialized MultithreadedTaskDispatcher with 12 workers.
[PhysX] Initialized MultithreadedTaskDispatcher with 12 workers.
 -> (artifact id: 'e57b4ad5f6eafe48421d281143e853b8') in 0.005713 seconds
Number of updated asset objects reloaded before import = 0
Number of asset objects unloaded after import = 3
========================================================================
Received Import Request.
  Time since last request: 0.000020 seconds.
  path: Assets/Transparent/Tiles/tile_0034.png
  artifactKey: Guid(57855381ec6958644bd582decf9a59e6) Importer(815301076,1909f56bfc062723c751e8b465ee728b)
Start importing Assets/Transparent/Tiles/tile_0034.png using Guid(57855381ec6958644bd582decf9a59e6) Importer(815301076,1909f56bfc062723c751e8b465ee728b) [PhysX] Initialized MultithreadedTaskDispatcher with 12 workers.
[PhysX] Initialized MultithreadedTaskDispatcher with 12 workers.
 -> (artifact id: 'fa22ec82ab7e22f165bbd58d01b2b745') in 0.006951 seconds
Number of updated asset objects reloaded before import = 0
Number of asset objects unloaded after import = 3
========================================================================
Received Import Request.
  Time since last request: 0.000022 seconds.
  path: Assets/Transparent/Tiles/tile_0071.png
  artifactKey: Guid(aa47f3d9eb5073241b1307e485d8cc0c) Importer(815301076,1909f56bfc062723c751e8b465ee728b)
Start importing Assets/Transparent/Tiles/tile_0071.png using Guid(aa47f3d9eb5073241b1307e485d8cc0c) Importer(815301076,1909f56bfc062723c751e8b465ee728b) [PhysX] Initialized MultithreadedTaskDispatcher with 12 workers.
[PhysX] Initialized MultithreadedTaskDispatcher with 12 workers.
 -> (artifact id: 'dcb70e3b32624aacdfd5ae11f9bff5fd') in 0.005489 seconds
Number of updated asset objects reloaded before import = 0
Number of asset objects unloaded after import = 3
========================================================================
Received Import Request.
  Time since last request: 0.000015 seconds.
  path: Assets/Transparent/Tiles/tile_0049.png
  artifactKey: Guid(da0cc86c732289441acaf6b9c4843d18) Importer(815301076,1909f56bfc062723c751e8b465ee728b)
Start importing Assets/Transparent/Tiles/tile_0049.png using Guid(da0cc86c732289441acaf6b9c4843d18) Importer(815301076,1909f56bfc062723c751e8b465ee728b) [PhysX] Initialized MultithreadedTaskDispatcher with 12 workers.
[PhysX] Initialized MultithreadedTaskDispatcher with 12 workers.
 -> (artifact id: 'cb47f5262b2dd354919c97f02dbdee5a') in 0.005516 seconds
Number of updated asset objects reloaded before import = 0
Number of asset objects unloaded after import = 3
========================================================================
Received Import Request.
  Time since last request: 0.000015 seconds.
  path: Assets/Transparent/Tiles/tile_0055.png
  artifactKey: Guid(531749139e6ff9b4a8c9e14a94a3d3c8) Importer(815301076,1909f56bfc062723c751e8b465ee728b)
Start importing Assets/Transparent/Tiles/tile_0055.png using Guid(531749139e6ff9b4a8c9e14a94a3d3c8) Importer(815301076,1909f56bfc062723c751e8b465ee728b) [PhysX] Initialized MultithreadedTaskDispatcher with 12 workers.
[PhysX] Initialized MultithreadedTaskDispatcher with 12 workers.
 -> (artifact id: '9384bdea1d631ef36fdd940cd693c5dc') in 0.005986 seconds
Number of updated asset objects reloaded before import = 0
Number of asset objects unloaded after import = 3
========================================================================
Received Import Request.
  Time since last request: 0.000014 seconds.
  path: Assets/Transparent/Tiles/tile_0015.png
  artifactKey: Guid(12bb9859db01b664b919912a2e0bff3e) Importer(815301076,1909f56bfc062723c751e8b465ee728b)
Start importing Assets/Transparent/Tiles/tile_0015.png using Guid(12bb9859db01b664b919912a2e0bff3e) Importer(815301076,1909f56bfc062723c751e8b465ee728b) [PhysX] Initialized MultithreadedTaskDispatcher with 12 workers.
[PhysX] Initialized MultithreadedTaskDispatcher with 12 workers.
 -> (artifact id: 'beaac7dd1227fd33a66a486c9d41b6fd') in 0.007938 seconds
Number of updated asset objects reloaded before import = 0
Number of asset objects unloaded after import = 3
========================================================================
Received Import Request.
  Time since last request: 0.000013 seconds.
  path: Assets/Transparent/Tiles/tile_0064.png
  artifactKey: Guid(4edd64a3ed77d464a9371cadc540a0e5) Importer(815301076,1909f56bfc062723c751e8b465ee728b)
Start importing Assets/Transparent/Tiles/tile_0064.png using Guid(4edd64a3ed77d464a9371cadc540a0e5) Importer(815301076,1909f56bfc062723c751e8b465ee728b) [PhysX] Initialized MultithreadedTaskDispatcher with 12 workers.
[PhysX] Initialized MultithreadedTaskDispatcher with 12 workers.
 -> (artifact id: 'ec693dd79bfc442a8ba68a1927aa8826') in 0.005440 seconds
Number of updated asset objects reloaded before import = 0
Number of asset objects unloaded after import = 3
========================================================================
Received Import Request.
  Time since last request: 0.000012 seconds.
  path: Assets/Transparent/Tiles/tile_0076.png
  artifactKey: Guid(e520479df4eb91943b6b26533d28576e) Importer(815301076,1909f56bfc062723c751e8b465ee728b)
Start importing Assets/Transparent/Tiles/tile_0076.png using Guid(e520479df4eb91943b6b26533d28576e) Importer(815301076,1909f56bfc062723c751e8b465ee728b) [PhysX] Initialized MultithreadedTaskDispatcher with 12 workers.
[PhysX] Initialized MultithreadedTaskDispatcher with 12 workers.
 -> (artifact id: '5218228fdff747fce1a2fc6f95f71480') in 0.005542 seconds
Number of updated asset objects reloaded before import = 0
Number of asset objects unloaded after import = 3
========================================================================
Received Import Request.
  Time since last request: 0.000015 seconds.
  path: Assets/Transparent/Tiles/tile_0004.png
  artifactKey: Guid(3296c8384d90077419557baf3f2b87fe) Importer(815301076,1909f56bfc062723c751e8b465ee728b)
Start importing Assets/Transparent/Tiles/tile_0004.png using Guid(3296c8384d90077419557baf3f2b87fe) Importer(815301076,1909f56bfc062723c751e8b465ee728b) [PhysX] Initialized MultithreadedTaskDispatcher with 12 workers.
[PhysX] Initialized MultithreadedTaskDispatcher with 12 workers.
 -> (artifact id: 'aa5423b96d454f945a2f168eb29cadca') in 0.005745 seconds
Number of updated asset objects reloaded before import = 0
Number of asset objects unloaded after import = 3
========================================================================
Received Import Request.
  Time since last request: 0.000013 seconds.
  path: Assets/Transparent/Tiles/tile_0045.png
  artifactKey: Guid(9a9dca757306b7a43abc810d36002b95) Importer(815301076,1909f56bfc062723c751e8b465ee728b)
Start importing Assets/Transparent/Tiles/tile_0045.png using Guid(9a9dca757306b7a43abc810d36002b95) Importer(815301076,1909f56bfc062723c751e8b465ee728b) [PhysX] Initialized MultithreadedTaskDispatcher with 12 workers.
[PhysX] Initialized MultithreadedTaskDispatcher with 12 workers.
 -> (artifact id: '20ad009d19457fcae54f004932394e75') in 0.005823 seconds
Number of updated asset objects reloaded before import = 0
Number of asset objects unloaded after import = 3
========================================================================
Received Import Request.
  Time since last request: 0.000013 seconds.
  path: Assets/Transparent/Tiles/tile_0060.png
  artifactKey: Guid(321a1d62ca19f49489f2ac829de576f1) Importer(815301076,1909f56bfc062723c751e8b465ee728b)
Start importing Assets/Transparent/Tiles/tile_0060.png using Guid(321a1d62ca19f49489f2ac829de576f1) Importer(815301076,1909f56bfc062723c751e8b465ee728b) [PhysX] Initialized MultithreadedTaskDispatcher with 12 workers.
[PhysX] Initialized MultithreadedTaskDispatcher with 12 workers.
 -> (artifact id: '95ee2de77a670dfdb4014eeaab0f8522') in 0.005831 seconds
Number of updated asset objects reloaded before import = 0
Number of asset objects unloaded after import = 3
========================================================================
Received Import Request.
  Time since last request: 0.000011 seconds.
  path: Assets/Transparent/Tiles/tile_0025.png
  artifactKey: Guid(f9c838d10625ce3469d3d93e35dde6f1) Importer(815301076,1909f56bfc062723c751e8b465ee728b)
Start importing Assets/Transparent/Tiles/tile_0025.png using Guid(f9c838d10625ce3469d3d93e35dde6f1) Importer(815301076,1909f56bfc062723c751e8b465ee728b) [PhysX] Initialized MultithreadedTaskDispatcher with 12 workers.
[PhysX] Initialized MultithreadedTaskDispatcher with 12 workers.
 -> (artifact id: '068b85b3d9400d1b2693b725f3ff595a') in 0.005556 seconds
Number of updated asset objects reloaded before import = 0
Number of asset objects unloaded after import = 3
========================================================================
Received Import Request.
  Time since last request: 15.403316 seconds.
  path: Assets/Tiles/tile_0002.png
  artifactKey: Guid(4dfe7571f8918614abc33eeb42cd5759) Importer(815301076,1909f56bfc062723c751e8b465ee728b)
Start importing Assets/Tiles/tile_0002.png using Guid(4dfe7571f8918614abc33eeb42cd5759) Importer(815301076,1909f56bfc062723c751e8b465ee728b) [PhysX] Initialized MultithreadedTaskDispatcher with 12 workers.
[PhysX] Initialized MultithreadedTaskDispatcher with 12 workers.
 -> (artifact id: 'c77e0e7786f074a6a51610569fc03d33') in 0.007896 seconds
Number of updated asset objects reloaded before import = 0
Number of asset objects unloaded after import = 3
========================================================================
Received Import Request.
  Time since last request: 0.000033 seconds.
  path: Assets/Tiles/tile_0013.png
  artifactKey: Guid(4bcb9c05210c6a44dba6627c1666df85) Importer(815301076,1909f56bfc062723c751e8b465ee728b)
Start importing Assets/Tiles/tile_0013.png using Guid(4bcb9c05210c6a44dba6627c1666df85) Importer(815301076,1909f56bfc062723c751e8b465ee728b) [PhysX] Initialized MultithreadedTaskDispatcher with 12 workers.
[PhysX] Initialized MultithreadedTaskDispatcher with 12 workers.
 -> (artifact id: '0e1d01e91909ef272541cf9e9d336104') in 0.007387 seconds
Number of updated asset objects reloaded before import = 0
Number of asset objects unloaded after import = 3
========================================================================
Received Import Request.
  Time since last request: 0.000019 seconds.
  path: Assets/Tiles/tile_0041.png
  artifactKey: Guid(5597d97f802ff3143b039da6088311c8) Importer(815301076,1909f56bfc062723c751e8b465ee728b)
Start importing Assets/Tiles/tile_0041.png using Guid(5597d97f802ff3143b039da6088311c8) Importer(815301076,1909f56bfc062723c751e8b465ee728b) [PhysX] Initialized MultithreadedTaskDispatcher with 12 workers.
[PhysX] Initialized MultithreadedTaskDispatcher with 12 workers.
 -> (artifact id: '90a81dd0e6888b0b1d99f850eb526c4a') in 0.005288 seconds
Number of updated asset objects reloaded before import = 0
Number of asset objects unloaded after import = 3
========================================================================
Received Import Request.
  Time since last request: 0.000018 seconds.
  path: Assets/Tiles/tile_0056.png
  artifactKey: Guid(a1956fca29b503f4d826da3fc883df14) Importer(815301076,1909f56bfc062723c751e8b465ee728b)
Start importing Assets/Tiles/tile_0056.png using Guid(a1956fca29b503f4d826da3fc883df14) Importer(815301076,1909f56bfc062723c751e8b465ee728b) [PhysX] Initialized MultithreadedTaskDispatcher with 12 workers.
[PhysX] Initialized MultithreadedTaskDispatcher with 12 workers.
 -> (artifact id: '800a2d73390602d091c84d0caff0c2aa') in 0.005645 seconds
Number of updated asset objects reloaded before import = 0
Number of asset objects unloaded after import = 3
========================================================================
Received Import Request.
  Time since last request: 0.000018 seconds.
  path: Assets/Tiles/tile_0063.png
  artifactKey: Guid(be21036beeef318418bf2908893b5853) Importer(815301076,1909f56bfc062723c751e8b465ee728b)
Start importing Assets/Tiles/tile_0063.png using Guid(be21036beeef318418bf2908893b5853) Importer(815301076,1909f56bfc062723c751e8b465ee728b) [PhysX] Initialized MultithreadedTaskDispatcher with 12 workers.
[PhysX] Initialized MultithreadedTaskDispatcher with 12 workers.
 -> (artifact id: 'a1a26f0bfbeced72b33c6d491284defc') in 0.005217 seconds
Number of updated asset objects reloaded before import = 0
Number of asset objects unloaded after import = 3
========================================================================
Received Import Request.
  Time since last request: 0.000013 seconds.
  path: Assets/Tiles/tile_0077.png
  artifactKey: Guid(13d6e7698983ec444a3553ecebfb252b) Importer(815301076,1909f56bfc062723c751e8b465ee728b)
Start importing Assets/Tiles/tile_0077.png using Guid(13d6e7698983ec444a3553ecebfb252b) Importer(815301076,1909f56bfc062723c751e8b465ee728b) [PhysX] Initialized MultithreadedTaskDispatcher with 12 workers.
[PhysX] Initialized MultithreadedTaskDispatcher with 12 workers.
 -> (artifact id: '5f222a49431662a7a7914c8e00f3bb06') in 0.006030 seconds
Number of updated asset objects reloaded before import = 0
Number of asset objects unloaded after import = 3
========================================================================
Received Import Request.
  Time since last request: 0.000017 seconds.
  path: Assets/Tiles/tile_0037.png
  artifactKey: Guid(0d7ba25315b29f9499fc3d98dad311f9) Importer(815301076,1909f56bfc062723c751e8b465ee728b)
Start importing Assets/Tiles/tile_0037.png using Guid(0d7ba25315b29f9499fc3d98dad311f9) Importer(815301076,1909f56bfc062723c751e8b465ee728b) [PhysX] Initialized MultithreadedTaskDispatcher with 12 workers.
[PhysX] Initialized MultithreadedTaskDispatcher with 12 workers.
 -> (artifact id: 'a978ec13158e5d97db4d57dededbe0a8') in 0.005619 seconds
Number of updated asset objects reloaded before import = 0
Number of asset objects unloaded after import = 3
========================================================================
Received Import Request.
  Time since last request: 0.000015 seconds.
  path: Assets/Tiles/tile_0040.png
  artifactKey: Guid(e6c133a4239b2d148a43e785c79a2a26) Importer(815301076,1909f56bfc062723c751e8b465ee728b)
Start importing Assets/Tiles/tile_0040.png using Guid(e6c133a4239b2d148a43e785c79a2a26) Importer(815301076,1909f56bfc062723c751e8b465ee728b) [PhysX] Initialized MultithreadedTaskDispatcher with 12 workers.
[PhysX] Initialized MultithreadedTaskDispatcher with 12 workers.
 -> (artifact id: 'f49e9ea93eff9ac187b47ee52db10719') in 0.005807 seconds
Number of updated asset objects reloaded before import = 0
Number of asset objects unloaded after import = 3
========================================================================
Received Import Request.
  Time since last request: 0.000016 seconds.
  path: Assets/Tiles/tile_0046.png
  artifactKey: Guid(f07387ceeb282cf439ff81ddc5716b37) Importer(815301076,1909f56bfc062723c751e8b465ee728b)
Start importing Assets/Tiles/tile_0046.png using Guid(f07387ceeb282cf439ff81ddc5716b37) Importer(815301076,1909f56bfc062723c751e8b465ee728b) [PhysX] Initialized MultithreadedTaskDispatcher with 12 workers.
[PhysX] Initialized MultithreadedTaskDispatcher with 12 workers.
 -> (artifact id: '4591bdf4ac8f58f087c5e9d24635334f') in 0.006204 seconds
Number of updated asset objects reloaded before import = 0
Number of asset objects unloaded after import = 3
========================================================================
Received Import Request.
  Time since last request: 0.000013 seconds.
  path: Assets/Tiles/tile_0035.png
  artifactKey: Guid(d443db97d608e574f825b22b4d6aed42) Importer(815301076,1909f56bfc062723c751e8b465ee728b)
Start importing Assets/Tiles/tile_0035.png using Guid(d443db97d608e574f825b22b4d6aed42) Importer(815301076,1909f56bfc062723c751e8b465ee728b) [PhysX] Initialized MultithreadedTaskDispatcher with 12 workers.
[PhysX] Initialized MultithreadedTaskDispatcher with 12 workers.
 -> (artifact id: '64e4941d416507590203364d5798626f') in 0.005363 seconds
Number of updated asset objects reloaded before import = 0
Number of asset objects unloaded after import = 3
========================================================================
Received Import Request.
  Time since last request: 0.000014 seconds.
  path: Assets/Tiles/tile_0011.png
  artifactKey: Guid(20cb59ac58fdb1f48acb66c2a31d226d) Importer(815301076,1909f56bfc062723c751e8b465ee728b)
Start importing Assets/Tiles/tile_0011.png using Guid(20cb59ac58fdb1f48acb66c2a31d226d) Importer(815301076,1909f56bfc062723c751e8b465ee728b) [PhysX] Initialized MultithreadedTaskDispatcher with 12 workers.
[PhysX] Initialized MultithreadedTaskDispatcher with 12 workers.
 -> (artifact id: 'ecdbef2daced0f2e7e9133f653283164') in 0.005894 seconds
Number of updated asset objects reloaded before import = 0
Number of asset objects unloaded after import = 3
========================================================================
Received Import Request.
  Time since last request: 0.000015 seconds.
  path: Assets/Tiles/tile_0075.png
  artifactKey: Guid(3837b31e8a16c35438525e64ef90490d) Importer(815301076,1909f56bfc062723c751e8b465ee728b)
Start importing Assets/Tiles/tile_0075.png using Guid(3837b31e8a16c35438525e64ef90490d) Importer(815301076,1909f56bfc062723c751e8b465ee728b) [PhysX] Initialized MultithreadedTaskDispatcher with 12 workers.
[PhysX] Initialized MultithreadedTaskDispatcher with 12 workers.
 -> (artifact id: 'd17151057207a69688201c7cce3c7fa5') in 0.006029 seconds
Number of updated asset objects reloaded before import = 0
Number of asset objects unloaded after import = 3
========================================================================
Received Import Request.
  Time since last request: 0.000015 seconds.
  path: Assets/Tiles/tile_0080.png
  artifactKey: Guid(00b29f89febb3c8418a95733e8744571) Importer(815301076,1909f56bfc062723c751e8b465ee728b)
Start importing Assets/Tiles/tile_0080.png using Guid(00b29f89febb3c8418a95733e8744571) Importer(815301076,1909f56bfc062723c751e8b465ee728b) [PhysX] Initialized MultithreadedTaskDispatcher with 12 workers.
[PhysX] Initialized MultithreadedTaskDispatcher with 12 workers.
 -> (artifact id: 'eae1c701cc3e28f0d21c503c62431e2f') in 0.006137 seconds
Number of updated asset objects reloaded before import = 0
Number of asset objects unloaded after import = 3
========================================================================
Received Import Request.
  Time since last request: 0.000013 seconds.
  path: Assets/Tiles/tile_0012.png
  artifactKey: Guid(c7b9e827b3a9c7a4398a5e159069977e) Importer(815301076,1909f56bfc062723c751e8b465ee728b)
Start importing Assets/Tiles/tile_0012.png using Guid(c7b9e827b3a9c7a4398a5e159069977e) Importer(815301076,1909f56bfc062723c751e8b465ee728b) [PhysX] Initialized MultithreadedTaskDispatcher with 12 workers.
[PhysX] Initialized MultithreadedTaskDispatcher with 12 workers.
 -> (artifact id: '10836dc4bd4670188c2688c32563cce7') in 0.006410 seconds
Number of updated asset objects reloaded before import = 0
Number of asset objects unloaded after import = 3
========================================================================
Received Import Request.
  Time since last request: 0.000012 seconds.
  path: Assets/Tiles/tile_0008.png
  artifactKey: Guid(805cf28933678014bb0aaded02533bf5) Importer(815301076,1909f56bfc062723c751e8b465ee728b)
Start importing Assets/Tiles/tile_0008.png using Guid(805cf28933678014bb0aaded02533bf5) Importer(815301076,1909f56bfc062723c751e8b465ee728b) [PhysX] Initialized MultithreadedTaskDispatcher with 12 workers.
[PhysX] Initialized MultithreadedTaskDispatcher with 12 workers.
 -> (artifact id: '113fa3b40170c4818d4a426400751f9e') in 0.005509 seconds
Number of updated asset objects reloaded before import = 0
Number of asset objects unloaded after import = 3
========================================================================
Received Import Request.
  Time since last request: 0.000013 seconds.
  path: Assets/Tiles/tile_0004.png
  artifactKey: Guid(55b9c9a7cf440fd40aef99e3860b429e) Importer(815301076,1909f56bfc062723c751e8b465ee728b)
Start importing Assets/Tiles/tile_0004.png using Guid(55b9c9a7cf440fd40aef99e3860b429e) Importer(815301076,1909f56bfc062723c751e8b465ee728b) [PhysX] Initialized MultithreadedTaskDispatcher with 12 workers.
[PhysX] Initialized MultithreadedTaskDispatcher with 12 workers.
 -> (artifact id: 'deabe2f51babb9cf647507b273b8ad42') in 0.006347 seconds
Number of updated asset objects reloaded before import = 0
Number of asset objects unloaded after import = 3
========================================================================
Received Import Request.
  Time since last request: 0.000013 seconds.
  path: Assets/Tiles/tile_0027.png
  artifactKey: Guid(b3dcfa843eacb06458594e6cb8379cb6) Importer(815301076,1909f56bfc062723c751e8b465ee728b)
Start importing Assets/Tiles/tile_0027.png using Guid(b3dcfa843eacb06458594e6cb8379cb6) Importer(815301076,1909f56bfc062723c751e8b465ee728b) [PhysX] Initialized MultithreadedTaskDispatcher with 12 workers.
[PhysX] Initialized MultithreadedTaskDispatcher with 12 workers.
 -> (artifact id: '5fe6a33e2af6c2408f75b9ab107e9502') in 0.005644 seconds
Number of updated asset objects reloaded before import = 0
Number of asset objects unloaded after import = 3
========================================================================
Received Import Request.
  Time since last request: 0.000013 seconds.
  path: Assets/Tiles/tile_0026.png
  artifactKey: Guid(d4709ac0634627249a7ac32d378f1814) Importer(815301076,1909f56bfc062723c751e8b465ee728b)
Start importing Assets/Tiles/tile_0026.png using Guid(d4709ac0634627249a7ac32d378f1814) Importer(815301076,1909f56bfc062723c751e8b465ee728b) [PhysX] Initialized MultithreadedTaskDispatcher with 12 workers.
[PhysX] Initialized MultithreadedTaskDispatcher with 12 workers.
 -> (artifact id: 'c7bede3093cd3a0620eb5ea82bfc613a') in 0.006337 seconds
Number of updated asset objects reloaded before import = 0
Number of asset objects unloaded after import = 3
========================================================================
Received Import Request.
  Time since last request: 0.000012 seconds.
  path: Assets/Tiles/tile_0049.png
  artifactKey: Guid(27fb72ca05596674db821a2a2d7ccc0a) Importer(815301076,1909f56bfc062723c751e8b465ee728b)
Start importing Assets/Tiles/tile_0049.png using Guid(27fb72ca05596674db821a2a2d7ccc0a) Importer(815301076,1909f56bfc062723c751e8b465ee728b) [PhysX] Initialized MultithreadedTaskDispatcher with 12 workers.
[PhysX] Initialized MultithreadedTaskDispatcher with 12 workers.
 -> (artifact id: 'af5d49b440608adad386bfdce47e55ad') in 0.006345 seconds
Number of updated asset objects reloaded before import = 0
Number of asset objects unloaded after import = 3
========================================================================
Received Import Request.
  Time since last request: 0.000018 seconds.
  path: Assets/Tiles/tile_0067.png
  artifactKey: Guid(c900311b38c598d488ac367cb7f9140c) Importer(815301076,1909f56bfc062723c751e8b465ee728b)
Start importing Assets/Tiles/tile_0067.png using Guid(c900311b38c598d488ac367cb7f9140c) Importer(815301076,1909f56bfc062723c751e8b465ee728b) [PhysX] Initialized MultithreadedTaskDispatcher with 12 workers.
[PhysX] Initialized MultithreadedTaskDispatcher with 12 workers.
 -> (artifact id: 'c733ee8d5b0cb12874699716fe816e18') in 0.006046 seconds
Number of updated asset objects reloaded before import = 0
Number of asset objects unloaded after import = 3
========================================================================
Received Import Request.
  Time since last request: 0.000014 seconds.
  path: Assets/Tiles/tile_0024.png
  artifactKey: Guid(6ced61a4cdd6723428f5fd1414749133) Importer(815301076,1909f56bfc062723c751e8b465ee728b)
Start importing Assets/Tiles/tile_0024.png using Guid(6ced61a4cdd6723428f5fd1414749133) Importer(815301076,1909f56bfc062723c751e8b465ee728b) [PhysX] Initialized MultithreadedTaskDispatcher with 12 workers.
[PhysX] Initialized MultithreadedTaskDispatcher with 12 workers.
 -> (artifact id: '93e4011f508324821f1f9af3e5bf19f3') in 0.005653 seconds
Number of updated asset objects reloaded before import = 0
Number of asset objects unloaded after import = 3
========================================================================
Received Import Request.
  Time since last request: 0.000013 seconds.
  path: Assets/Tiles/tile_0014.png
  artifactKey: Guid(7aac64f5b2e552540b32f3964a997bc7) Importer(815301076,1909f56bfc062723c751e8b465ee728b)
Start importing Assets/Tiles/tile_0014.png using Guid(7aac64f5b2e552540b32f3964a997bc7) Importer(815301076,1909f56bfc062723c751e8b465ee728b) [PhysX] Initialized MultithreadedTaskDispatcher with 12 workers.
[PhysX] Initialized MultithreadedTaskDispatcher with 12 workers.
 -> (artifact id: '978f0bcbbf41dfa2dc4b82d67d1a0cfa') in 0.008122 seconds
Number of updated asset objects reloaded before import = 0
Number of asset objects unloaded after import = 3
========================================================================
Received Import Request.
  Time since last request: 0.000016 seconds.
  path: Assets/Tiles/tile_0021.png
  artifactKey: Guid(45eab03ea269f114cbc71fabd3f57544) Importer(815301076,1909f56bfc062723c751e8b465ee728b)
Start importing Assets/Tiles/tile_0021.png using Guid(45eab03ea269f114cbc71fabd3f57544) Importer(815301076,1909f56bfc062723c751e8b465ee728b) [PhysX] Initialized MultithreadedTaskDispatcher with 12 workers.
[PhysX] Initialized MultithreadedTaskDispatcher with 12 workers.
 -> (artifact id: 'e3c9ce81aec9c4dc711a235b414a07a2') in 0.005862 seconds
Number of updated asset objects reloaded before import = 0
Number of asset objects unloaded after import = 3
========================================================================
Received Import Request.
  Time since last request: 0.000014 seconds.
  path: Assets/Tiles/tile_0032.png
  artifactKey: Guid(9e5fe263bb87a0f4394087270393e2b9) Importer(815301076,1909f56bfc062723c751e8b465ee728b)
Start importing Assets/Tiles/tile_0032.png using Guid(9e5fe263bb87a0f4394087270393e2b9) Importer(815301076,1909f56bfc062723c751e8b465ee728b) [PhysX] Initialized MultithreadedTaskDispatcher with 12 workers.
[PhysX] Initialized MultithreadedTaskDispatcher with 12 workers.
 -> (artifact id: '0096b35bac2181a7cd5a93a727e51af8') in 0.006758 seconds
Number of updated asset objects reloaded before import = 0
Number of asset objects unloaded after import = 3
========================================================================
Received Import Request.
  Time since last request: 0.000013 seconds.
  path: Assets/Tiles/tile_0025.png
  artifactKey: Guid(722939a0461544b4e8a04f8e61a99414) Importer(815301076,1909f56bfc062723c751e8b465ee728b)
Start importing Assets/Tiles/tile_0025.png using Guid(722939a0461544b4e8a04f8e61a99414) Importer(815301076,1909f56bfc062723c751e8b465ee728b) [PhysX] Initialized MultithreadedTaskDispatcher with 12 workers.
[PhysX] Initialized MultithreadedTaskDispatcher with 12 workers.
 -> (artifact id: '0343ee548c37b837ebc2732aea1b1bc4') in 0.006138 seconds
Number of updated asset objects reloaded before import = 0
Number of asset objects unloaded after import = 3
========================================================================
Received Import Request.
  Time since last request: 0.000042 seconds.
  path: Assets/Tiles/tile_0031.png
  artifactKey: Guid(afe82fc995756624790b258ad2e23bdb) Importer(815301076,1909f56bfc062723c751e8b465ee728b)
Start importing Assets/Tiles/tile_0031.png using Guid(afe82fc995756624790b258ad2e23bdb) Importer(815301076,1909f56bfc062723c751e8b465ee728b) [PhysX] Initialized MultithreadedTaskDispatcher with 12 workers.
[PhysX] Initialized MultithreadedTaskDispatcher with 12 workers.
 -> (artifact id: 'd2b8ca9bf4ef932f2780144ff4a17d2d') in 0.007021 seconds
Number of updated asset objects reloaded before import = 0
Number of asset objects unloaded after import = 3
========================================================================
Received Import Request.
  Time since last request: 0.000012 seconds.
  path: Assets/Tiles/tile_0052.png
  artifactKey: Guid(1a3aa85beeb35084a95ba00ed74310c5) Importer(815301076,1909f56bfc062723c751e8b465ee728b)
Start importing Assets/Tiles/tile_0052.png using Guid(1a3aa85beeb35084a95ba00ed74310c5) Importer(815301076,1909f56bfc062723c751e8b465ee728b) [PhysX] Initialized MultithreadedTaskDispatcher with 12 workers.
[PhysX] Initialized MultithreadedTaskDispatcher with 12 workers.
 -> (artifact id: '81aae946f20945a1be4fb7964adb4cc0') in 0.006037 seconds
Number of updated asset objects reloaded before import = 0
Number of asset objects unloaded after import = 3
